<?xml version="1.0" encoding="UTF-8"?>
<!-- Generated by org.testng.reporters.JUnitReportReporter -->
<testsuite hostname="SubhanPC" failures="0" tests="2" name="My_Package.CryptocurrencyWalletAPI" time="4.811" errors="0" timestamp="2024-07-15T15:32:43 IST" skipped="0">
  <testcase classname="My_Package.CryptocurrencyWalletAPI" name="Login_user" time="3.583"/>
  <system-out/>
  <testcase classname="My_Package.CryptocurrencyWalletAPI" name="Register_user" time="1.228"/>
  <system-out/>
</testsuite> <!-- My_Package.CryptocurrencyWalletAPI -->
