<?xml version="1.0" encoding="UTF-8"?>
<!-- Generated by org.testng.reporters.JUnitReportReporter -->
<testsuite hostname="SubhanPC" failures="0" tests="1" name="My_Package.CryptocurrencyWalletAPI" time="3.602" errors="0" timestamp="2024-07-15T15:44:30 IST" skipped="0">
  <testcase classname="My_Package.CryptocurrencyWalletAPI" name="List_transactions" time="3.602"/>
  <system-out/>
</testsuite> <!-- My_Package.CryptocurrencyWalletAPI -->
