<?xml version="1.0" encoding="UTF-8"?>
<!-- Generated by org.testng.reporters.JUnitReportReporter -->
<testsuite hostname="SubhanPC" failures="0" tests="7" name="My_Package.CryptocurrencyWalletAPI" time="10.474" errors="0" timestamp="2024-07-15T15:54:48 IST" skipped="0">
  <testcase classname="My_Package.CryptocurrencyWalletAPI" name="Register_user" time="1.113"/>
  <system-out/>
  <testcase classname="My_Package.CryptocurrencyWalletAPI" name="Login_user" time="1.091"/>
  <system-out/>
  <testcase classname="My_Package.CryptocurrencyWalletAPI" name="Calculate_transaction_fees" time="3.543"/>
  <system-out/>
  <testcase classname="My_Package.CryptocurrencyWalletAPI" name="Get_available_exchange_rates" time="1.133"/>
  <system-out/>
  <testcase classname="My_Package.CryptocurrencyWalletAPI" name="List_transactions" time="1.136"/>
  <system-out/>
  <testcase classname="My_Package.CryptocurrencyWalletAPI" name="Retrieve_wallet_balance" time="1.223"/>
  <system-out/>
  <testcase classname="My_Package.CryptocurrencyWalletAPI" name="Transfer_ETH" time="1.235"/>
  <system-out/>
</testsuite> <!-- My_Package.CryptocurrencyWalletAPI -->
