<?xml version="1.0" encoding="UTF-8"?>
<!-- Generated by org.testng.reporters.JUnitReportReporter -->
<testsuite hostname="SubhanPC" failures="0" tests="7" name="My_Package.CryptocurrencyWalletAPI" time="9.143" errors="0" timestamp="2024-07-15T16:13:45 IST" skipped="0">
  <testcase classname="My_Package.CryptocurrencyWalletAPI" name="Register_user" time="0.982"/>
  <system-out/>
  <testcase classname="My_Package.CryptocurrencyWalletAPI" name="Login_user" time="0.972"/>
  <system-out/>
  <testcase classname="My_Package.CryptocurrencyWalletAPI" name="Calculate_transaction_fees" time="3.281"/>
  <system-out/>
  <testcase classname="My_Package.CryptocurrencyWalletAPI" name="Get_available_exchange_rates" time="1.000"/>
  <system-out/>
  <testcase classname="My_Package.CryptocurrencyWalletAPI" name="List_transactions" time="1.001"/>
  <system-out/>
  <testcase classname="My_Package.CryptocurrencyWalletAPI" name="Retrieve_wallet_balance" time="0.976"/>
  <system-out/>
  <testcase classname="My_Package.CryptocurrencyWalletAPI" name="Transfer_ETH" time="0.931"/>
  <system-out/>
</testsuite> <!-- My_Package.CryptocurrencyWalletAPI -->
